执行更新操作失败，原因如下: Command '['git', 'add', '.']' returned non-zero exit status 128.
执行更新操作失败，原因如下: Command '['git', 'add', '.']' returned non-zero exit status 128.
工作区没有新的更改，无需执行 git add。
执行更新操作失败，原因如下: Command '['git', 'commit', '-m', 'AutoCommit']' returned non-zero exit status 128.
执行更新操作失败，原因如下: Command '['git', 'add', '.']' returned non-zero exit status 128.
执行更新操作失败，原因如下: Command '['git', 'add', '.']' returned non-zero exit status 128.
TEST
执行更新操作失败，原因如下: Command '['git', 'add', '.']' returned non-zero exit status 128.
TEST
工作区没有新的更改，无需执行 git add。
执行更新操作失败，原因如下: Command '['git', 'commit', '-m', 'AutoCommit']' returned non-zero exit status 128.
TEST
工作区没有新的更改，无需执行 git add。
暂存区没有新的更改，无需执行git commit
即将开始向远程仓库推送
执行更新操作失败，原因如下: Command '['git', 'remote']' returned non-zero exit status 128.
TEST
工作区没有新的更改，无需执行 git add。
暂存区没有新的更改，无需执行git commit
即将开始向远程仓库推送
执行更新操作失败，原因如下: Command '['git', 'remote']' returned non-zero exit status 128.
执行更新操作失败，原因如下: Command '['git', 'add', '.']' returned non-zero exit status 128.
